{"uuid":"9d679ac7-4da4-4389-a17e-faeddb36a32c","historyId":"d8414581b5284f1f5a672673bf7f3da4","testCaseId":"[engine:junit-jupiter]/[class:selenide.TestSuite]/[method:shouldAddItemToCart()]","testCaseName":"shouldAddItemToCart()","fullName":"selenide.TestSuite.shouldAddItemToCart","labels":[{"name":"junit.platform.uniqueid","value":"[engine:junit-jupiter]/[class:selenide.TestSuite]/[method:shouldAddItemToCart()]"},{"name":"host","value":"andreis-MacBook-Air.local"},{"name":"thread","value":"71030@andreis-MacBook-Air.local.main(1)"},{"name":"framework","value":"junit-platform"},{"name":"language","value":"java"},{"name":"package","value":"selenide.TestSuite"},{"name":"testClass","value":"selenide.TestSuite"},{"name":"testMethod","value":"shouldAddItemToCart"},{"name":"suite","value":"selenide.TestSuite"}],"links":[],"name":"shouldAddItemToCart()","status":"failed","statusDetails":{"known":false,"muted":false,"flaky":false,"message":"Alert not found\nScreenshot: file:/Users/andrei/IdeaProjects/SelenideAndSuffer/build/reports/tests/1743242547924.0.png\nPage source: file:/Users/andrei/IdeaProjects/SelenideAndSuffer/build/reports/tests/1743242547924.0.html\nTimeout: 4 s.\nCaused by: TimeoutException: Expected condition failed: waiting for alert to be present (tried for 4 second(s) with 200 milliseconds interval)","trace":"Alert not found\nScreenshot: file:/Users/andrei/IdeaProjects/SelenideAndSuffer/build/reports/tests/1743242547924.0.png\nPage source: file:/Users/andrei/IdeaProjects/SelenideAndSuffer/build/reports/tests/1743242547924.0.html\nTimeout: 4 s.\nCaused by: TimeoutException: Expected condition failed: waiting for alert to be present (tried for 4 second(s) with 200 milliseconds interval)\n\tat com.codeborne.selenide.SelenideTargetLocator.alertNotFoundError(SelenideTargetLocator.java:308)\n\tat com.codeborne.selenide.SelenideTargetLocator.alert(SelenideTargetLocator.java:182)\n\tat com.codeborne.selenide.Modal.lambda$confirm$0(Modal.java:29)\n\tat com.codeborne.selenide.logevents.SelenideLogger.wrap(SelenideLogger.java:128)\n\tat com.codeborne.selenide.logevents.SelenideLogger.get(SelenideLogger.java:106)\n\tat com.codeborne.selenide.Modal.confirm(Modal.java:28)\n\tat com.codeborne.selenide.Selenide.confirm(Selenide.java:581)\n\tat com.codeborne.selenide.Selenide.confirm(Selenide.java:569)\n\tat selenide.ItemPage.addItemToCart(ItemPage.java:18)\n\tat selenide.TestSuite.shouldAddItemToCart(TestSuite.java:158)\n\tat java.base/java.lang.reflect.Method.invoke(Method.java:580)\n\tat java.base/java.util.ArrayList.forEach(ArrayList.java:1597)\n\tat java.base/java.util.ArrayList.forEach(ArrayList.java:1597)\nCaused by: org.openqa.selenium.TimeoutException: Expected condition failed: waiting for alert to be present (tried for 4 second(s) with 200 milliseconds interval)\nBuild info: version: '4.28.1', revision: '73f5ad48a2'\nSystem info: os.name: 'Mac OS X', os.arch: 'aarch64', os.version: '13.2.1', java.version: '22.0.1'\nDriver info: driver.version: unknown\n\tat org.openqa.selenium.support.ui.FluentWait.timeoutException(FluentWait.java:265)\n\tat org.openqa.selenium.support.ui.FluentWait.until(FluentWait.java:228)\n\tat com.codeborne.selenide.SelenideTargetLocator.alert(SelenideTargetLocator.java:179)\n\t... 11 more\n"},"stage":"finished","description":"","steps":[],"attachments":[],"parameters":[],"start":1743242540056,"stop":1743242548284}